#
# There is insufficient memory for the Java Runtime Environment to continue.
# Native memory allocation (malloc) failed to allocate 395264 bytes for Chunk::new
# Possible reasons:
#   The system is out of physical RAM or swap space
#   In 32 bit mode, the process size limit was hit
# Possible solutions:
#   Reduce memory load on the system
#   Increase physical memory or swap space
#   Check if swap backing store is full
#   Use 64 bit Java on a 64 bit OS
#   Decrease Java heap size (-Xmx/-Xms)
#   Decrease number of Java threads
#   Decrease Java thread stack sizes (-Xss)
#   Set larger code cache with -XX:ReservedCodeCacheSize=
# This output file may be truncated or incomplete.
#
#  Out of Memory Error (allocation.cpp:390), pid=3004, tid=0x0000000000003538
#
# JRE version: Java(TM) SE Runtime Environment (8.0_181-b13) (build 1.8.0_181-b13)
# Java VM: Java HotSpot(TM) 64-Bit Server VM (25.181-b13 mixed mode windows-amd64 compressed oops)
# Failed to write core dump. Minidumps are not enabled by default on client versions of Windows
#

---------------  T H R E A D  ---------------

Current thread (0x0000000013daa000):  JavaThread "C2 CompilerThread1" daemon [_thread_in_native, id=13624, stack(0x00000000144a0000,0x00000000145a0000)]

Stack: [0x00000000144a0000,0x00000000145a0000]
[error occurred during error reporting (printing stack bounds), id 0xc0000005]

Native frames: (J=compiled Java code, j=interpreted, Vv=VM code, C=native code)


Current CompileTask:
C2:   2603  575       4       java.io.WinNTFileSystem::normalize (143 bytes)


---------------  P R O C E S S  ---------------

Java Threads: ( => current thread )
  0x0000000013e1d000 
[error occurred during error reporting (printing all threads), id 0xc0000005]

VM state:at safepoint (normal execution)

VM Mutex/Monitor currently owned by a thread:  ([mutex/lock_event])
[0x00000000008fe040] Threads_lock - owner thread: 0x00000000129d8000
[0x00000000008fe4c0] Heap_lock - owner thread: 0x00000000026ab800
[0x00000000025b1250] MethodData_lock - owner thread: 0x00000000026ab800

Heap:
 PSYoungGen      total 16896K, used 324K [0x00000000feb00000, 0x0000000100000000, 0x0000000100000000)
  eden space 16384K, 1% used [0x00000000feb00000,0x00000000feb510f8,0x00000000ffb00000)
  from space 512K, 0% used [0x00000000ffb00000,0x00000000ffb00000,0x00000000ffb80000)
  to   space 4096K, 0% used [0x00000000ffc00000,0x00000000ffc08000,0x0000000100000000)
 ParOldGen       total 44032K, used 2338K [0x00000000fc000000, 0x00000000feb00000, 0x00000000feb00000)
  object space 44032K, 5% used [0x00000000fc000000,0x00000000fc248a10,0x00000000feb00000)
 Metaspace       used 7666K, capacity 7922K, committed 8064K, reserved 1064960K
  class space    used 963K, capacity 1046K, committed 1152K, reserved 1048576K

Card table byte_map: [0x00000000008c0000,0x00000000008f0000] byte_map_base: 0x00000000000e0000

Marking Bits: (ParMarkBitMap*) 0x0000000068b12d00
 Begin Bits: [0x0000000011e70000, 0x0000000011f70000)
 End Bits:   [0x0000000011f70000, 0x0000000012070000)

Polling page: 0x0000000000570000

CodeCache: size=245760Kb used=2544Kb max_used=2556Kb free=243215Kb
 bounds [0x00000000026b0000, 0x0000000002940000, 0x00000000116b0000]
 total_blobs=919 nmethods=588 adapters=244
 compilation: enabled

Compilation events (10 events):
Event: 2.481 Thread 0x0000000012a6e800 nmethod 582 0x0000000002928610 code [0x0000000002928760, 0x00000000029289a8]
Event: 2.519 Thread 0x0000000012a6e800  586       4       java.util.HashMap::getNode (148 bytes)
Event: 2.522 Thread 0x0000000012a6e800 nmethod 586 0x0000000002928050 code [0x00000000029281a0, 0x00000000029283f8]
Event: 2.525 Thread 0x0000000013db1800  587   !   3       sun.misc.URLClassPath$JarLoader::getResource (353 bytes)
Event: 2.527 Thread 0x0000000013db1800 nmethod 587 0x000000000292d8d0 code [0x000000000292dce0, 0x000000000292fac8]
Event: 2.527 Thread 0x0000000013db1800  588       3       sun.misc.JarIndex::get (49 bytes)
Event: 2.528 Thread 0x0000000013db1800 nmethod 588 0x00000000029272d0 code [0x00000000029274a0, 0x0000000002927d18]
Event: 2.531 Thread 0x0000000012a6e800  589       4       java.lang.String::substring (79 bytes)
Event: 2.537 Thread 0x0000000012a6e800 nmethod 589 0x000000000292b510 code [0x000000000292b680, 0x000000000292ba98]
Event: 2.537 Thread 0x0000000012a6e800  590   !   4       sun.misc.URLClassPath$JarLoader::getResource (85 bytes)

GC Heap History (6 events):
Event: 1.005 GC heap before
{Heap before GC invocations=1 (full 0):
 PSYoungGen      total 18944K, used 16384K [0x00000000feb00000, 0x0000000100000000, 0x0000000100000000)
  eden space 16384K, 100% used [0x00000000feb00000,0x00000000ffb00000,0x00000000ffb00000)
  from space 2560K, 0% used [0x00000000ffd80000,0x00000000ffd80000,0x0000000100000000)
  to   space 2560K, 0% used [0x00000000ffb00000,0x00000000ffb00000,0x00000000ffd80000)
 ParOldGen       total 44032K, used 0K [0x00000000fc000000, 0x00000000feb00000, 0x00000000feb00000)
  object space 44032K, 0% used [0x00000000fc000000,0x00000000fc000000,0x00000000feb00000)
 Metaspace       used 5899K, capacity 6112K, committed 6272K, reserved 1056768K
  class space    used 742K, capacity 800K, committed 896K, reserved 1048576K
Event: 1.010 GC heap after
Heap after GC invocations=1 (full 0):
 PSYoungGen      total 18944K, used 2529K [0x00000000feb00000, 0x0000000100000000, 0x0000000100000000)
  eden space 16384K, 0% used [0x00000000feb00000,0x00000000feb00000,0x00000000ffb00000)
  from space 2560K, 98% used [0x00000000ffb00000,0x00000000ffd787b0,0x00000000ffd80000)
  to   space 2560K, 0% used [0x00000000ffd80000,0x00000000ffd80000,0x0000000100000000)
 ParOldGen       total 44032K, used 492K [0x00000000fc000000, 0x00000000feb00000, 0x00000000feb00000)
  object space 44032K, 1% used [0x00000000fc000000,0x00000000fc07b390,0x00000000feb00000)
 Metaspace       used 5899K, capacity 6112K, committed 6272K, reserved 1056768K
  class space    used 742K, capacity 800K, committed 896K, reserved 1048576K
}
Event: 2.538 GC heap before
{Heap before GC invocations=2 (full 0):
 PSYoungGen      total 18944K, used 9837K [0x00000000feb00000, 0x0000000100000000, 0x0000000100000000)
  eden space 16384K, 44% used [0x00000000feb00000,0x00000000ff223008,0x00000000ffb00000)
  from space 2560K, 98% used [0x00000000ffb00000,0x00000000ffd787b0,0x00000000ffd80000)
  to   space 2560K, 0% used [0x00000000ffd80000,0x00000000ffd80000,0x0000000100000000)
 ParOldGen       total 44032K, used 492K [0x00000000fc000000, 0x00000000feb00000, 0x00000000feb00000)
  object space 44032K, 1% used [0x00000000fc000000,0x00000000fc07b390,0x00000000feb00000)
 Metaspace       used 7666K, capacity 7922K, committed 8064K, reserved 1060864K
  class space    used 963K, capacity 1046K, committed 1152K, reserved 1048576K
Event: 2.543 GC heap after
Heap after GC invocations=2 (full 0):
 PSYoungGen      total 18944K, used 2547K [0x00000000feb00000, 0x0000000100000000, 0x0000000100000000)
  eden space 16384K, 0% used [0x00000000feb00000,0x00000000feb00000,0x00000000ffb00000)
  from space 2560K, 99% used [0x00000000ffd80000,0x00000000ffffcc60,0x0000000100000000)
  to   space 2560K, 0% used [0x00000000ffb00000,0x00000000ffb00000,0x00000000ffd80000)
 ParOldGen       total 44032K, used 578K [0x00000000fc000000, 0x00000000feb00000, 0x00000000feb00000)
  object space 44032K, 1% used [0x00000000fc000000,0x00000000fc090960,0x00000000feb00000)
 Metaspace       used 7666K, capacity 7922K, committed 8064K, reserved 1060864K
  class space    used 963K, capacity 1046K, committed 1152K, reserved 1048576K
}
Event: 2.543 GC heap before
{Heap before GC invocations=3 (full 1):
 PSYoungGen      total 18944K, used 2547K [0x00000000feb00000, 0x0000000100000000, 0x0000000100000000)
  eden space 16384K, 0% used [0x00000000feb00000,0x00000000feb00000,0x00000000ffb00000)
  from space 2560K, 99% used [0x00000000ffd80000,0x00000000ffffcc60,0x0000000100000000)
  to   space 2560K, 0% used [0x00000000ffb00000,0x00000000ffb00000,0x00000000ffd80000)
 ParOldGen       total 44032K, used 578K [0x00000000fc000000, 0x00000000feb00000, 0x00000000feb00000)
  object space 44032K, 1% used [0x00000000fc000000,0x00000000fc090960,0x00000000feb00000)
 Metaspace       used 7666K, capacity 7922K, committed 8064K, reserved 1060864K
  class space    used 963K, capacity 1046K, committed 1152K, reserved 1048576K
Event: 2.557 GC heap after
Heap after GC invocations=3 (full 1):
 PSYoungGen      total 18944K, used 0K [0x00000000feb00000, 0x0000000100000000, 0x0000000100000000)
  eden space 16384K, 0% used [0x00000000feb00000,0x00000000feb00000,0x00000000ffb00000)
  from space 2560K, 0% used [0x00000000ffd80000,0x00000000ffd80000,0x0000000100000000)
  to   space 2560K, 0% used [0x00000000ffb00000,0x00000000ffb00000,0x00000000ffd80000)
 ParOldGen       total 44032K, used 2498K [0x00000000fc000000, 0x00000000feb00000, 0x00000000feb00000)
  object space 44032K, 5% used [0x00000000fc000000,0x00000000fc270bf8,0x00000000feb00000)
 Metaspace       used 7666K, capacity 7922K, committed 8064K, reserved 1058816K
  class space    used 963K, capacity 1046K, committed 1152K, reserved 1048576K
}

Deoptimization events (4 events):
Event: 0.634 Thread 0x00000000025b2800 Uncommon trap: reason=unstable_if action=reinterpret pc=0x00000000028406f8 method=java.lang.String.startsWith(Ljava/lang/String;I)Z @ 25
Event: 1.084 Thread 0x00000000025b2800 Uncommon trap: reason=unstable_if action=reinterpret pc=0x00000000028acde4 method=sun.misc.MetaIndex.mayContain(Ljava/lang/String;)Z @ 38
Event: 1.085 Thread 0x00000000025b2800 Uncommon trap: reason=unstable_if action=reinterpret pc=0x00000000028aa194 method=sun.misc.MetaIndex.mayContain(Ljava/lang/String;)Z @ 38
Event: 2.394 Thread 0x00000000025b2800 Uncommon trap: reason=unstable_if action=reinterpret pc=0x0000000002915960 method=sun.nio.cs.ext.DoubleByte$Encoder.encode([CII[B)I @ 113

Classes redefined (0 events):
No events

Internal exceptions (10 events):
Event: 0.062 Thread 0x00000000025b2800 Exception <a 'java/lang/NoSuchMethodError': Method sun.misc.Unsafe.prefetchRead(Ljava/lang/Object;J)V name or signature does not match> (0x00000000feb07f98) thrown at [C:\re\workspace\8-2-build-windows-amd64-cygwin\jdk8u181\11358\hotspot\src\share\vm\prim
Event: 0.563 Thread 0x00000000025b2800 Exception <a 'java/security/PrivilegedActionException'> (0x00000000ff22b5e8) thrown at [C:\re\workspace\8-2-build-windows-amd64-cygwin\jdk8u181\11358\hotspot\src\share\vm\prims\jvm.cpp, line 1435]
Event: 0.563 Thread 0x00000000025b2800 Exception <a 'java/security/PrivilegedActionException'> (0x00000000ff22b7f8) thrown at [C:\re\workspace\8-2-build-windows-amd64-cygwin\jdk8u181\11358\hotspot\src\share\vm\prims\jvm.cpp, line 1435]
Event: 0.564 Thread 0x00000000025b2800 Exception <a 'java/security/PrivilegedActionException'> (0x00000000ff22f708) thrown at [C:\re\workspace\8-2-build-windows-amd64-cygwin\jdk8u181\11358\hotspot\src\share\vm\prims\jvm.cpp, line 1435]
Event: 0.564 Thread 0x00000000025b2800 Exception <a 'java/security/PrivilegedActionException'> (0x00000000ff22f918) thrown at [C:\re\workspace\8-2-build-windows-amd64-cygwin\jdk8u181\11358\hotspot\src\share\vm\prims\jvm.cpp, line 1435]
Event: 0.820 Thread 0x00000000025b2800 Exception <a 'java/lang/ArrayIndexOutOfBoundsException': 100> (0x00000000ff6877d8) thrown at [C:\re\workspace\8-2-build-windows-amd64-cygwin\jdk8u181\11358\hotspot\src\share\vm\interpreter\interpreterRuntime.cpp, line 366]
Event: 0.821 Thread 0x00000000025b2800 Exception <a 'java/lang/ArrayIndexOutOfBoundsException': 18> (0x00000000ff688710) thrown at [C:\re\workspace\8-2-build-windows-amd64-cygwin\jdk8u181\11358\hotspot\src\share\vm\interpreter\interpreterRuntime.cpp, line 366]
Event: 0.821 Thread 0x00000000025b2800 Exception <a 'java/lang/ArrayIndexOutOfBoundsException': 40> (0x00000000ff689340) thrown at [C:\re\workspace\8-2-build-windows-amd64-cygwin\jdk8u181\11358\hotspot\src\share\vm\interpreter\interpreterRuntime.cpp, line 366]
Event: 1.015 Thread 0x00000000025b2800 Exception <a 'java/lang/ArrayIndexOutOfBoundsException'> (0x00000000feb24760) thrown at [C:\re\workspace\8-2-build-windows-amd64-cygwin\jdk8u181\11358\hotspot\src\share\vm\runtime\sharedRuntime.cpp, line 605]
Event: 1.015 Thread 0x00000000025b2800 Exception <a 'java/lang/ArrayIndexOutOfBoundsException'> (0x00000000feb25620) thrown at [C:\re\workspace\8-2-build-windows-amd64-cygwin\jdk8u181\11358\hotspot\src\share\vm\runtime\sharedRuntime.cpp, line 605]

Events (10 events):
Event: 2.534 loading class java/util/Collections$SingletonList
Event: 2.534 loading class java/util/Collections$SingletonList done
Event: 2.534 loading class org/gradle/internal/logging/console/ConsoleLayoutCalculator
Event: 2.534 loading class org/gradle/internal/logging/console/ConsoleLayoutCalculator done
Event: 2.535 loading class org/gradle/internal/logging/console/ProgressOperations
Event: 2.535 loading class org/gradle/internal/logging/console/ProgressOperations done
Event: 2.536 loading class org/gradle/internal/logging/console/ThrottlingOutputEventListener
Event: 2.536 loading class org/gradle/internal/logging/console/ThrottlingOutputEventListener done
Event: 2.536 loading class java/util/concurrent/Executors
Event: 2.538 Executing VM operation: CollectForMetadataAllocation


Dynamic libraries:
0x00007ff615920000 - 0x00007ff615957000 	C:\Program Files\Java\jdk1.8.0_181\bin\java.exe
0x00007ffb28140000 - 0x00007ffb2832d000 	C:\WINDOWS\SYSTEM32\ntdll.dll
0x00007ffb28050000 - 0x00007ffb28103000 	C:\WINDOWS\System32\KERNEL32.DLL
0x00007ffb24770000 - 0x00007ffb24a03000 	C:\WINDOWS\System32\KERNELBASE.dll
0x00007ffb27050000 - 0x00007ffb270f3000 	C:\WINDOWS\System32\ADVAPI32.dll
0x00007ffb26e80000 - 0x00007ffb26f1e000 	C:\WINDOWS\System32\msvcrt.dll
0x00007ffb253c0000 - 0x00007ffb2545e000 	C:\WINDOWS\System32\sechost.dll
0x00007ffb27c90000 - 0x00007ffb27db2000 	C:\WINDOWS\System32\RPCRT4.dll
0x00007ffb27170000 - 0x00007ffb27307000 	C:\WINDOWS\System32\USER32.dll
0x00007ffb24b10000 - 0x00007ffb24b30000 	C:\WINDOWS\System32\win32u.dll
0x00007ffb25460000 - 0x00007ffb25489000 	C:\WINDOWS\System32\GDI32.dll
0x00007ffb245d0000 - 0x00007ffb24769000 	C:\WINDOWS\System32\gdi32full.dll
0x00007ffb24270000 - 0x00007ffb24310000 	C:\WINDOWS\System32\msvcp_win.dll
0x00007ffb24a10000 - 0x00007ffb24b0a000 	C:\WINDOWS\System32\ucrtbase.dll
0x00007ffb17890000 - 0x00007ffb17b09000 	C:\WINDOWS\WinSxS\amd64_microsoft.windows.common-controls_6595b64144ccf1df_6.0.17763.1039_none_de701650534c7021\COMCTL32.dll
0x00007ffb27960000 - 0x00007ffb27c8c000 	C:\WINDOWS\System32\combase.dll
0x00007ffb252e0000 - 0x00007ffb2535e000 	C:\WINDOWS\System32\bcryptPrimitives.dll
0x00007ffb254f0000 - 0x00007ffb2551e000 	C:\WINDOWS\System32\IMM32.DLL
0x0000000068ba0000 - 0x0000000068c72000 	C:\Program Files\Java\jdk1.8.0_181\jre\bin\msvcr100.dll
0x00000000682f0000 - 0x0000000068b92000 	C:\Program Files\Java\jdk1.8.0_181\jre\bin\server\jvm.dll
0x00007ffb27dc0000 - 0x00007ffb27dc8000 	C:\WINDOWS\System32\PSAPI.DLL
0x00007ffb22c90000 - 0x00007ffb22c99000 	C:\WINDOWS\SYSTEM32\WSOCK32.dll
0x00007ffb27100000 - 0x00007ffb2716d000 	C:\WINDOWS\System32\WS2_32.dll
0x00007ffb1ea50000 - 0x00007ffb1ea74000 	C:\WINDOWS\SYSTEM32\WINMM.dll
0x00007ffb1b3d0000 - 0x00007ffb1b3da000 	C:\WINDOWS\SYSTEM32\VERSION.dll
0x00007ffb1ea20000 - 0x00007ffb1ea4d000 	C:\WINDOWS\SYSTEM32\WINMMBASE.dll
0x00007ffb24220000 - 0x00007ffb2426a000 	C:\WINDOWS\System32\cfgmgr32.dll
0x00000000682e0000 - 0x00000000682ef000 	C:\Program Files\Java\jdk1.8.0_181\jre\bin\verify.dll
0x00000000682b0000 - 0x00000000682d9000 	C:\Program Files\Java\jdk1.8.0_181\jre\bin\java.dll
0x0000000068290000 - 0x00000000682a6000 	C:\Program Files\Java\jdk1.8.0_181\jre\bin\zip.dll
0x00007ffb25710000 - 0x00007ffb26c04000 	C:\WINDOWS\System32\SHELL32.dll
0x00007ffb25520000 - 0x00007ffb255c8000 	C:\WINDOWS\System32\shcore.dll
0x00007ffb24b30000 - 0x00007ffb2527d000 	C:\WINDOWS\System32\windows.storage.dll
0x00007ffb24130000 - 0x00007ffb24154000 	C:\WINDOWS\System32\profapi.dll
0x00007ffb241a0000 - 0x00007ffb241fd000 	C:\WINDOWS\System32\powrprof.dll
0x00007ffb25490000 - 0x00007ffb254e2000 	C:\WINDOWS\System32\shlwapi.dll
0x00007ffb24180000 - 0x00007ffb24191000 	C:\WINDOWS\System32\kernel.appcore.dll
0x00007ffb24200000 - 0x00007ffb24217000 	C:\WINDOWS\System32\cryptsp.dll
0x0000000068270000 - 0x000000006828a000 	C:\Program Files\Java\jdk1.8.0_181\jre\bin\net.dll
0x00007ffb239a0000 - 0x00007ffb23a07000 	C:\WINDOWS\system32\mswsock.dll
0x0000000068250000 - 0x0000000068261000 	C:\Program Files\Java\jdk1.8.0_181\jre\bin\nio.dll
0x00007ffb21360000 - 0x00007ffb21386000 	C:\Users\110\.gradle\native\29\windows-amd64\native-platform.dll
0x00007ffb23520000 - 0x00007ffb23553000 	C:\WINDOWS\system32\rsaenh.dll
0x00007ffb24310000 - 0x00007ffb24336000 	C:\WINDOWS\System32\bcrypt.dll
0x00007ffb24060000 - 0x00007ffb24088000 	C:\WINDOWS\SYSTEM32\USERENV.dll
0x00007ffb23b70000 - 0x00007ffb23b7c000 	C:\WINDOWS\SYSTEM32\CRYPTBASE.dll
0x00007ffb236c0000 - 0x00007ffb236fd000 	C:\WINDOWS\SYSTEM32\IPHLPAPI.DLL
0x00007ffb27950000 - 0x00007ffb27958000 	C:\WINDOWS\System32\NSI.dll
0x00007ffb1e7f0000 - 0x00007ffb1e806000 	C:\WINDOWS\SYSTEM32\dhcpcsvc6.DLL
0x00007ffb1e7d0000 - 0x00007ffb1e7ec000 	C:\WINDOWS\SYSTEM32\dhcpcsvc.DLL
0x00007ffb23740000 - 0x00007ffb23806000 	C:\WINDOWS\SYSTEM32\DNSAPI.dll
0x00007ffb213a0000 - 0x00007ffb213aa000 	C:\Users\110\.gradle\native\jansi\1.17.1\windows64\jansi-1.17.1-6594668624594473615.dll
0x00007ffb21340000 - 0x00007ffb2134a000 	C:\Users\110\.gradle\native\jansi\1.17.1\windows64\jansi-1.17.1-5426518216328242679.dll

VM Arguments:
jvm_args: -Xmx64m -Xms64m -Dorg.gradle.appname=gradlew 
java_command: org.gradle.wrapper.GradleWrapperMain app:installDebug -PreactNativeDevServerPort=8081
java_class_path (initial): C:\Users\110\firstproject\android\\gradle\wrapper\gradle-wrapper.jar
Launcher Type: SUN_STANDARD

Environment Variables:
JAVA_HOME=C:\Program Files\Java\jdk1.8.0_181
CLASSPATH=C:\Users\110\firstproject\android\\gradle\wrapper\gradle-wrapper.jar
PATH=C:\Program Files (x86)\Common Files\Oracle\Java\javapath;C:\Program Files (x86)\Intel\iCLS Client\;C:\Program Files\Intel\iCLS Client\;C:\Windows\system32;C:\Windows;C:\Windows\System32\Wbem;C:\Windows\System32\WindowsPowerShell\v1.0\;C:\Program Files (x86)\Intel\Intel(R) Management Engine Components\DAL;C:\Program Files\Intel\Intel(R) Management Engine Components\DAL;C:\Program Files (x86)\Intel\Intel(R) Management Engine Components\IPT;C:\Program Files\Intel\Intel(R) Management Engine Components\IPT;C:\Program Files (x86)\NVIDIA Corporation\PhysX\Common;C:\WINDOWS\system32;C:\WINDOWS;C:\WINDOWS\System32\Wbem;C:\WINDOWS\System32\WindowsPowerShell\v1.0\;c:\Program Files (x86)\Microsoft SQL Server\100\Tools\Binn\;c:\Program Files\Microsoft SQL Server\100\Tools\Binn\;c:\Program Files\Microsoft SQL Server\100\DTS\Binn\;C:\Program Files\dotnet\;C:\WINDOWS\System32\OpenSSH\;C:\Program Files\Microsoft SQL Server\Client SDK\ODBC\130\Tools\Binn\;C:\Program Files (x86)\Microsoft SQL Server\140\Tools\Binn\;C:\Program Files\Microsoft SQL Server\140\Tools\Binn\;C:\Program Files\Microsoft SQL Server\140\DTS\Binn\;"C:\Program Files\MySQL\MySQL Server 5.5\bin;C:\Program Files\Java\jdk1.8.0_181\bin;C:\Program Files\Java\jdk1.8.0_181\jre\bin";C:\Program Files\Java\jdk1.8.0_181\bin;C:\Program Files\MySQL\MySQL Utilities 1.6\;C:\Program Files\MySQL\MySQL Server 5.7\bin;C:\Program Files (x86)\Microsoft SQL Server\Client SDK\ODBC\130\Tools\Binn\;C:\Program Files (x86)\Microsoft SQL Server\140\DTS\Binn\;C:\Program Files (x86)\Microsoft SQL Server\140\Tools\Binn\ManagementStudio\;D:\adobeTemp\Node\;D:\adobeTemp\android\platform-tools;D:\adobeTemp\Git\cmd;D:\adobeTemp\Git\mingw64\libexec\git-core;D:\adobeTemp\Git\bin;D:\adobeTemp\Python\Python38\Scripts\;D:\adobeTemp\Python\Python38\;C:\Users\110\AppData\Local\Microsoft\WindowsApps;;D:\adobeTemp\quartus\modelsim_ase\win32aloem;C:\Users\110\AppData\Roaming\npm
USERNAME=110
OS=Windows_NT
PROCESSOR_IDENTIFIER=Intel64 Family 6 Model 61 Stepping 4, GenuineIntel



---------------  S Y S T E M  ---------------

OS: Windows 10.0 , 64 bit Build 17763 (10.0.17763.475)

CPU:total 4 (initial active 4) (2 cores per cpu, 2 threads per core) family 6 model 61 stepping 4, cmov, cx8, fxsr, mmx, sse, sse2, sse3, ssse3, sse4.1, sse4.2, popcnt, avx, avx2, aes, clmul, erms, 3dnowpref, lzcnt, ht, tsc, tscinvbit, bmi1, bmi2, adx

Memory: 4k page, physical 8288764k(1435124k free), swap 10241532k(5348k free)

vm_info: Java HotSpot(TM) 64-Bit Server VM (25.181-b13) for windows-amd64 JRE (1.8.0_181-b13), built on Jul  7 2018 04:01:33 by "java_re" with MS VC++ 10.0 (VS2010)

time: Sun Mar 01 16:24:30 2020
elapsed time: 2 seconds (0d 0h 0m 2s)

